{"/Users/shayanheidary/frontend-masters/temp/workflow/postcss.config.js": {"path":"/Users/shayanheidary/frontend-masters/temp/workflow/postcss.config.js","all":true,"statementMap":{"0":{"start":{"line":1,"column":0},"end":{"line":1,"column":16}},"1":{"start":{"line":2,"column":0},"end":{"line":2,"column":12}},"2":{"start":{"line":3,"column":0},"end":{"line":3,"column":20}},"3":{"start":{"line":4,"column":0},"end":{"line":4,"column":21}},"4":{"start":{"line":5,"column":0},"end":{"line":5,"column":4}},"5":{"start":{"line":6,"column":0},"end":{"line":6,"column":1}}},"s":{"0":0,"1":0,"2":0,"3":0,"4":0,"5":0},"branchMap":{"0":{"type":"branch","line":1,"loc":{"start":{"line":1,"column":0},"end":{"line":6,"column":-11}},"locations":[{"start":{"line":1,"column":0},"end":{"line":6,"column":-11}}]}},"b":{"0":[0]},"fnMap":{"0":{"name":"(empty-report)","decl":{"start":{"line":1,"column":0},"end":{"line":6,"column":-11}},"loc":{"start":{"line":1,"column":0},"end":{"line":6,"column":-11}},"line":1}},"f":{"0":0}}
,"/Users/shayanheidary/frontend-masters/temp/workflow/tailwind.config.js": {"path":"/Users/shayanheidary/frontend-masters/temp/workflow/tailwind.config.js","all":true,"statementMap":{"0":{"start":{"line":1,"column":0},"end":{"line":1,"column":43}},"1":{"start":{"line":2,"column":0},"end":{"line":2,"column":16}},"2":{"start":{"line":3,"column":0},"end":{"line":3,"column":58}},"3":{"start":{"line":4,"column":0},"end":{"line":4,"column":10}},"4":{"start":{"line":5,"column":0},"end":{"line":5,"column":15}},"5":{"start":{"line":6,"column":0},"end":{"line":6,"column":4}},"6":{"start":{"line":7,"column":0},"end":{"line":7,"column":14}},"7":{"start":{"line":8,"column":0},"end":{"line":8,"column":2}}},"s":{"0":0,"1":0,"2":0,"3":0,"4":0,"5":0,"6":0,"7":0},"branchMap":{"0":{"type":"branch","line":1,"loc":{"start":{"line":1,"column":0},"end":{"line":8,"column":-13}},"locations":[{"start":{"line":1,"column":0},"end":{"line":8,"column":-13}}]}},"b":{"0":[0]},"fnMap":{"0":{"name":"(empty-report)","decl":{"start":{"line":1,"column":0},"end":{"line":8,"column":-13}},"loc":{"start":{"line":1,"column":0},"end":{"line":8,"column":-13}},"line":1}},"f":{"0":0}}
,"/Users/shayanheidary/frontend-masters/temp/workflow/src/App.tsx": {"path":"/Users/shayanheidary/frontend-masters/temp/workflow/src/App.tsx","all":true,"statementMap":{"0":{"start":{"line":1,"column":0},"end":{"line":1,"column":51}},"1":{"start":{"line":2,"column":0},"end":{"line":2,"column":57}},"2":{"start":{"line":3,"column":0},"end":{"line":3,"column":16}},"3":{"start":{"line":4,"column":0},"end":{"line":4,"column":10}},"4":{"start":{"line":5,"column":0},"end":{"line":5,"column":40}},"5":{"start":{"line":6,"column":0},"end":{"line":6,"column":19}},"6":{"start":{"line":7,"column":0},"end":{"line":7,"column":17}},"7":{"start":{"line":8,"column":0},"end":{"line":8,"column":10}},"9":{"start":{"line":10,"column":0},"end":{"line":10,"column":1}},"11":{"start":{"line":12,"column":0},"end":{"line":12,"column":19}}},"s":{"0":0,"1":0,"2":0,"3":0,"4":0,"5":0,"6":0,"7":0,"9":0,"11":0},"branchMap":{"0":{"type":"branch","line":1,"loc":{"start":{"line":1,"column":255},"end":{"line":12,"column":19}},"locations":[{"start":{"line":1,"column":255},"end":{"line":12,"column":19}}]}},"b":{"0":[0]},"fnMap":{"0":{"name":"(empty-report)","decl":{"start":{"line":1,"column":255},"end":{"line":12,"column":19}},"loc":{"start":{"line":1,"column":255},"end":{"line":12,"column":19}},"line":1}},"f":{"0":0}}
,"/Users/shayanheidary/frontend-masters/temp/workflow/src/main.tsx": {"path":"/Users/shayanheidary/frontend-masters/temp/workflow/src/main.tsx","all":true,"statementMap":{"0":{"start":{"line":1,"column":0},"end":{"line":1,"column":34}},"1":{"start":{"line":2,"column":0},"end":{"line":2,"column":45}},"2":{"start":{"line":3,"column":0},"end":{"line":3,"column":20}},"3":{"start":{"line":4,"column":0},"end":{"line":4,"column":27}},"5":{"start":{"line":6,"column":0},"end":{"line":6,"column":52}},"6":{"start":{"line":7,"column":0},"end":{"line":7,"column":14}},"7":{"start":{"line":8,"column":0},"end":{"line":8,"column":11}},"8":{"start":{"line":9,"column":0},"end":{"line":9,"column":16}},"9":{"start":{"line":10,"column":0},"end":{"line":10,"column":1}}},"s":{"0":0,"1":0,"2":0,"3":0,"5":0,"6":0,"7":0,"8":0,"9":0},"branchMap":{"0":{"type":"branch","line":1,"loc":{"start":{"line":1,"column":229},"end":{"line":10,"column":1}},"locations":[{"start":{"line":1,"column":229},"end":{"line":10,"column":1}}]}},"b":{"0":[0]},"fnMap":{"0":{"name":"(empty-report)","decl":{"start":{"line":1,"column":229},"end":{"line":10,"column":1}},"loc":{"start":{"line":1,"column":229},"end":{"line":10,"column":1}},"line":1}},"f":{"0":0}}
,"/Users/shayanheidary/frontend-masters/temp/workflow/src/components/counter/Counter.tsx": {"path":"/Users/shayanheidary/frontend-masters/temp/workflow/src/components/counter/Counter.tsx","all":false,"statementMap":{"0":{"start":{"line":1,"column":0},"end":{"line":1,"column":33}},"2":{"start":{"line":3,"column":0},"end":{"line":3,"column":20}},"3":{"start":{"line":4,"column":0},"end":{"line":4,"column":40}},"5":{"start":{"line":6,"column":0},"end":{"line":6,"column":10}},"6":{"start":{"line":7,"column":0},"end":{"line":7,"column":9}},"7":{"start":{"line":8,"column":0},"end":{"line":8,"column":32}},"8":{"start":{"line":9,"column":0},"end":{"line":9,"column":62}},"9":{"start":{"line":10,"column":0},"end":{"line":10,"column":15}},"10":{"start":{"line":11,"column":0},"end":{"line":11,"column":35}},"11":{"start":{"line":12,"column":0},"end":{"line":12,"column":56}},"12":{"start":{"line":13,"column":0},"end":{"line":13,"column":9}},"14":{"start":{"line":15,"column":0},"end":{"line":15,"column":17}},"15":{"start":{"line":16,"column":0},"end":{"line":16,"column":15}},"16":{"start":{"line":17,"column":0},"end":{"line":17,"column":35}},"17":{"start":{"line":18,"column":0},"end":{"line":18,"column":56}},"18":{"start":{"line":19,"column":0},"end":{"line":19,"column":9}},"20":{"start":{"line":21,"column":0},"end":{"line":21,"column":17}},"21":{"start":{"line":22,"column":0},"end":{"line":22,"column":12}},"22":{"start":{"line":23,"column":0},"end":{"line":23,"column":10}},"24":{"start":{"line":25,"column":0},"end":{"line":25,"column":1}},"26":{"start":{"line":27,"column":0},"end":{"line":27,"column":23}}},"s":{"0":1,"2":4,"3":4,"5":4,"6":4,"7":4,"8":4,"9":4,"10":4,"11":4,"12":4,"14":4,"15":4,"16":4,"17":4,"18":4,"20":4,"21":4,"22":4,"24":4,"26":1},"branchMap":{"0":{"type":"branch","line":3,"loc":{"start":{"line":3,"column":0},"end":{"line":25,"column":1}},"locations":[{"start":{"line":3,"column":0},"end":{"line":25,"column":1}}]},"1":{"type":"branch","line":12,"loc":{"start":{"line":12,"column":19},"end":{"line":12,"column":56}},"locations":[{"start":{"line":12,"column":19},"end":{"line":12,"column":56}}]},"2":{"type":"branch","line":12,"loc":{"start":{"line":12,"column":34},"end":{"line":12,"column":54}},"locations":[{"start":{"line":12,"column":34},"end":{"line":12,"column":54}}]},"3":{"type":"branch","line":18,"loc":{"start":{"line":18,"column":19},"end":{"line":18,"column":56}},"locations":[{"start":{"line":18,"column":19},"end":{"line":18,"column":56}}]},"4":{"type":"branch","line":18,"loc":{"start":{"line":18,"column":34},"end":{"line":18,"column":54}},"locations":[{"start":{"line":18,"column":34},"end":{"line":18,"column":54}}]}},"b":{"0":[4],"1":[1],"2":[1],"3":[1],"4":[1]},"fnMap":{"0":{"name":"Counter","decl":{"start":{"line":3,"column":0},"end":{"line":25,"column":1}},"loc":{"start":{"line":3,"column":0},"end":{"line":25,"column":1}},"line":3},"1":{"name":"onClick","decl":{"start":{"line":12,"column":19},"end":{"line":12,"column":56}},"loc":{"start":{"line":12,"column":19},"end":{"line":12,"column":56}},"line":12},"2":{"name":"onClick","decl":{"start":{"line":18,"column":19},"end":{"line":18,"column":56}},"loc":{"start":{"line":18,"column":19},"end":{"line":18,"column":56}},"line":18}},"f":{"0":4,"1":1,"2":1}}
,"/Users/shayanheidary/frontend-masters/temp/workflow/src/components/unerInput/UserInput.tsx": {"path":"/Users/shayanheidary/frontend-masters/temp/workflow/src/components/unerInput/UserInput.tsx","all":false,"statementMap":{"0":{"start":{"line":1,"column":0},"end":{"line":1,"column":33}},"1":{"start":{"line":2,"column":0},"end":{"line":2,"column":37}},"2":{"start":{"line":3,"column":0},"end":{"line":3,"column":49}},"4":{"start":{"line":5,"column":0},"end":{"line":5,"column":38}},"5":{"start":{"line":6,"column":0},"end":{"line":6,"column":20}},"6":{"start":{"line":7,"column":0},"end":{"line":7,"column":4}},"7":{"start":{"line":8,"column":0},"end":{"line":8,"column":10}},"8":{"start":{"line":9,"column":0},"end":{"line":9,"column":9}},"9":{"start":{"line":10,"column":0},"end":{"line":10,"column":76}},"10":{"start":{"line":11,"column":0},"end":{"line":11,"column":12}},"11":{"start":{"line":12,"column":0},"end":{"line":12,"column":21}},"12":{"start":{"line":13,"column":0},"end":{"line":13,"column":49}},"13":{"start":{"line":14,"column":0},"end":{"line":14,"column":48}},"14":{"start":{"line":15,"column":0},"end":{"line":15,"column":19}},"15":{"start":{"line":16,"column":0},"end":{"line":16,"column":8}},"16":{"start":{"line":17,"column":0},"end":{"line":17,"column":10}},"18":{"start":{"line":19,"column":0},"end":{"line":19,"column":1}}},"s":{"0":1,"1":2,"2":2,"4":2,"5":1,"6":1,"7":2,"8":2,"9":2,"10":2,"11":2,"12":2,"13":2,"14":2,"15":2,"16":2,"18":2},"branchMap":{"0":{"type":"branch","line":2,"loc":{"start":{"line":2,"column":0},"end":{"line":19,"column":1}},"locations":[{"start":{"line":2,"column":0},"end":{"line":19,"column":1}}]},"1":{"type":"branch","line":5,"loc":{"start":{"line":5,"column":18},"end":{"line":7,"column":4}},"locations":[{"start":{"line":5,"column":18},"end":{"line":7,"column":4}}]},"2":{"type":"branch","line":13,"loc":{"start":{"line":13,"column":18},"end":{"line":13,"column":49}},"locations":[{"start":{"line":13,"column":18},"end":{"line":13,"column":49}}]}},"b":{"0":[2],"1":[1],"2":[1]},"fnMap":{"0":{"name":"UserInput","decl":{"start":{"line":2,"column":0},"end":{"line":19,"column":1}},"loc":{"start":{"line":2,"column":0},"end":{"line":19,"column":1}},"line":2},"1":{"name":"handler","decl":{"start":{"line":5,"column":18},"end":{"line":7,"column":4}},"loc":{"start":{"line":5,"column":18},"end":{"line":7,"column":4}},"line":5},"2":{"name":"onChange","decl":{"start":{"line":13,"column":18},"end":{"line":13,"column":49}},"loc":{"start":{"line":13,"column":18},"end":{"line":13,"column":49}},"line":13}},"f":{"0":2,"1":1,"2":1}}
}
